2026-04-23 18:06:37,055 [INFO] === Início da coleta: 2026-04-23 18:06:37 ===
2026-04-23 18:06:37,084 [INFO] Servidor: Endora (PvP) (ID=3)
2026-04-23 18:06:37,084 [INFO]   Coletando: Experience...
2026-04-23 18:06:38,594 [INFO]     50 registros salvos
2026-04-23 18:06:44,595 [INFO]   Coletando: Melee...
2026-04-23 18:06:45,464 [INFO]     50 registros salvos
2026-04-23 18:06:51,466 [INFO]   Coletando: Shielding...
2026-04-23 18:06:51,758 [WARNING] Rate limit em Shielding (tentativa 1/3). Aguardando 30s...
2026-04-23 18:07:22,162 [WARNING] Rate limit em Shielding (tentativa 2/3). Aguardando 30s...
2026-04-23 18:07:53,586 [INFO]     50 registros salvos
2026-04-23 18:07:59,587 [INFO]   Coletando: Magic...
2026-04-23 18:08:00,527 [INFO]     50 registros salvos
2026-04-23 18:08:06,529 [INFO]   Coletando: Distance...
2026-04-23 18:08:07,495 [INFO]     50 registros salvos
2026-04-23 18:08:13,495 [INFO]   Coletando: Taming...
2026-04-23 18:08:13,974 [WARNING] Rate limit em Taming (tentativa 1/3). Aguardando 30s...
2026-04-23 18:08:45,428 [INFO]     50 registros salvos
2026-04-23 18:08:45,446 [INFO] JSON exportado: C:\Users\FelipeSoares\OneDrive - Grupo Dreamers\Documentos\Monitoramento de Ranking\ranking_latest.json
2026-04-23 18:08:45,463 [INFO] === Coleta finalizada: 300 registros | Status: sucesso ===
2026-04-23 22:29:52,077 [INFO] === Início da coleta: 2026-04-23 22:29:52 ===
2026-04-23 22:29:52,079 [INFO] Servidor: Endora (PvP) (ID=3)
2026-04-23 22:29:52,079 [INFO]   Coletando: Experience...
2026-04-23 22:29:53,704 [INFO]     50 registros salvos
2026-04-23 22:29:59,705 [INFO]   Coletando: Melee...
2026-04-23 22:30:00,109 [WARNING] Rate limit em Melee (tentativa 1/3). Aguardando 30s...
2026-04-23 22:30:31,601 [INFO]     50 registros salvos
2026-04-23 22:32:46,442 [INFO] === Início da coleta: 2026-04-23 22:32:46 ===
2026-04-23 22:32:46,444 [INFO] Servidor: Endora (PvP) (ID=3)
2026-04-23 22:32:46,444 [INFO]   Coletando: Experience...
2026-04-23 22:32:47,995 [INFO]     50 registros salvos
2026-04-23 22:32:53,996 [INFO]   Coletando: Melee...
2026-04-23 22:32:55,672 [INFO]     50 registros salvos
2026-04-23 22:33:01,673 [INFO]   Coletando: Shielding...
2026-04-23 22:33:02,647 [INFO]     50 registros salvos
2026-04-23 22:33:08,648 [INFO]   Coletando: Magic...
2026-04-23 22:33:08,986 [INFO]     50 registros salvos
2026-04-23 22:33:14,987 [INFO]   Coletando: Distance...
2026-04-23 22:33:16,426 [INFO]     50 registros salvos
2026-04-23 22:33:22,427 [INFO]   Coletando: Taming...
2026-04-23 22:33:22,899 [WARNING] Rate limit em Taming (tentativa 1/3). Aguardando 30s...
2026-04-23 22:33:53,209 [WARNING] Rate limit em Taming (tentativa 2/3). Aguardando 30s...
2026-04-23 22:34:23,623 [WARNING] Rate limit em Taming (tentativa 3/3). Aguardando 30s...
2026-04-23 22:34:53,624 [ERROR] Falha após 3 tentativas para Taming
2026-04-23 22:34:53,625 [WARNING]     Sem dados para Taming
2026-04-23 22:34:53,633 [INFO] JSON exportado: C:\Users\FelipeSoares\OneDrive - Grupo Dreamers\Documentos\Monitoramento de Ranking\ranking_latest.json
2026-04-23 22:34:53,642 [INFO] === Coleta finalizada: 250 registros | Status: parcial (1 erros) ===
2026-04-23 22:53:18,550 [INFO] === Início da coleta: 2026-04-23 22:53:18 ===
2026-04-23 22:53:18,551 [INFO] Servidor: Endora (PvP) (ID=3)
2026-04-23 22:53:18,552 [INFO]   Coletando: Experience...
2026-04-23 22:53:19,081 [INFO]     50 registros salvos
2026-04-23 22:53:29,082 [INFO]   Coletando: Melee...
2026-04-23 22:53:30,652 [INFO]     50 registros salvos
2026-04-23 22:53:40,652 [INFO]   Coletando: Shielding...
2026-04-23 22:53:40,993 [INFO]     50 registros salvos
2026-04-23 22:53:50,994 [INFO]   Coletando: Magic...
2026-04-23 22:53:51,416 [INFO]     50 registros salvos
2026-04-23 22:54:01,416 [INFO]   Coletando: Distance...
2026-04-23 22:54:01,879 [WARNING] Rate limit em Distance (tentativa 1/5). Aguardando 45s...
2026-04-23 22:54:48,388 [INFO]     50 registros salvos
2026-04-23 22:54:58,388 [INFO]   Coletando: Taming...
2026-04-23 22:54:58,810 [WARNING] Rate limit em Taming (tentativa 1/5). Aguardando 45s...
2026-04-23 22:55:44,283 [WARNING] Rate limit em Taming (tentativa 2/5). Aguardando 90s...
2026-04-23 22:57:15,751 [INFO]     50 registros salvos
2026-04-23 22:57:15,760 [INFO] JSON exportado: C:\Users\FelipeSoares\OneDrive - Grupo Dreamers\Documentos\Monitoramento de Ranking\ranking_latest.json
2026-04-23 22:57:15,774 [INFO] === Coleta finalizada: 300 registros | Status: sucesso ===
2026-04-24 00:41:28,277 [INFO] === Início da coleta: 2026-04-24 00:41:28 ===
2026-04-24 00:41:28,286 [INFO] Servidor: Endora (PvP) (ID=3)
2026-04-24 00:41:28,286 [INFO]   Coletando: Experience...
2026-04-24 00:41:28,778 [INFO]     50 registros salvos
2026-04-24 00:41:38,779 [INFO]   Coletando: Melee...
2026-04-24 00:41:40,299 [INFO]     50 registros salvos
2026-04-24 00:41:50,300 [INFO]   Coletando: Shielding...
2026-04-24 00:41:51,728 [INFO]     50 registros salvos
2026-04-24 00:42:01,729 [INFO]   Coletando: Magic...
2026-04-24 00:42:03,090 [INFO]     50 registros salvos
2026-04-24 00:42:13,091 [INFO]   Coletando: Distance...
2026-04-24 00:42:13,475 [WARNING] Rate limit em Distance (tentativa 1/5). Aguardando 45s...
2026-04-24 00:42:59,315 [INFO]     50 registros salvos
2026-04-24 00:43:09,316 [INFO]   Coletando: Taming...
2026-04-24 00:43:10,275 [INFO]     50 registros salvos
2026-04-24 00:43:10,278 [INFO] JSON exportado: C:\Users\FelipeSoares\OneDrive - Grupo Dreamers\Documentos\Monitoramento de Ranking\ranking_latest.json
2026-04-24 00:43:10,284 [INFO] === Coleta finalizada: 300 registros | Status: sucesso ===
2026-04-24 01:18:55,260 [INFO] === Início da coleta: 2026-04-24 01:18:55 ===
2026-04-24 01:18:55,261 [INFO] Servidor: Endora (PvP) (ID=3)
2026-04-24 01:18:55,261 [INFO]   Coletando: Experience...
2026-04-24 01:18:56,727 [INFO]     50 registros salvos
2026-04-24 01:19:06,727 [INFO]   Coletando: Melee...
2026-04-24 01:19:08,212 [INFO]     50 registros salvos
2026-04-24 01:19:18,213 [INFO]   Coletando: Shielding...
2026-04-24 01:19:18,605 [WARNING] Rate limit em Shielding (tentativa 1/5). Aguardando 45s...
2026-04-24 01:20:05,105 [INFO]     50 registros salvos
2026-04-24 01:20:15,106 [INFO]   Coletando: Magic...
2026-04-24 01:20:15,944 [INFO]     50 registros salvos
2026-04-24 01:20:25,945 [INFO]   Coletando: Distance...
2026-04-24 01:20:26,318 [WARNING] Rate limit em Distance (tentativa 1/5). Aguardando 45s...
2026-04-24 01:21:12,170 [INFO]     50 registros salvos
2026-04-24 01:21:22,171 [INFO]   Coletando: Taming...
2026-04-24 01:21:22,576 [INFO]     50 registros salvos
2026-04-24 01:21:22,579 [INFO] JSON exportado: C:\Users\FelipeSoares\OneDrive - Grupo Dreamers\Documentos\Monitoramento de Ranking\ranking_latest.json
2026-04-24 01:21:22,585 [INFO] === Coleta finalizada: 300 registros | Status: sucesso ===
2026-04-24 09:04:28,741 [INFO] === Início da coleta: 2026-04-24 09:04:28 ===
2026-04-24 09:04:28,743 [INFO] Servidor: Endora (PvP) (ID=3)
2026-04-24 09:04:28,743 [INFO]   Coletando: Experience...
2026-04-24 09:04:30,180 [INFO]     50 registros salvos
2026-04-24 09:04:40,181 [INFO]   Coletando: Melee...
2026-04-24 09:04:41,604 [INFO]     50 registros salvos
2026-04-24 09:04:51,605 [INFO]   Coletando: Shielding...
2026-04-24 09:04:53,032 [INFO]     50 registros salvos
2026-04-24 09:05:03,033 [INFO]   Coletando: Magic...
2026-04-24 09:05:03,356 [INFO]     50 registros salvos
2026-04-24 09:05:13,356 [INFO]   Coletando: Distance...
2026-04-24 09:05:13,726 [WARNING] Rate limit em Distance (tentativa 1/5). Aguardando 45s...
2026-04-24 09:05:59,151 [WARNING] Rate limit em Distance (tentativa 2/5). Aguardando 90s...
2026-04-24 09:07:30,578 [INFO]     50 registros salvos
2026-04-24 09:07:40,579 [INFO]   Coletando: Taming...
2026-04-24 09:07:41,424 [INFO]     50 registros salvos
2026-04-24 09:07:41,428 [INFO] JSON exportado: C:\Users\FelipeSoares\OneDrive - Grupo Dreamers\Documentos\Monitoramento de Ranking\ranking_latest.json
2026-04-24 09:07:41,436 [INFO] === Coleta finalizada: 300 registros | Status: sucesso ===
2026-04-24 12:16:46,997 [INFO] === Início da coleta: 2026-04-24 12:16:46 ===
2026-04-24 12:16:47,004 [INFO] Servidor: Endora (PvP) (ID=3)
2026-04-24 12:16:47,005 [INFO]   Coletando: Experience...
2026-04-24 12:16:47,496 [INFO]     50 registros salvos
2026-04-24 12:16:57,496 [INFO]   Coletando: Melee...
2026-04-24 12:16:58,333 [INFO]     50 registros salvos
2026-04-24 12:17:08,334 [INFO]   Coletando: Shielding...
2026-04-24 12:17:09,743 [INFO]     50 registros salvos
2026-04-24 12:17:19,744 [INFO]   Coletando: Magic...
2026-04-24 12:17:20,008 [WARNING] Rate limit em Magic (tentativa 1/5). Aguardando 45s...
2026-04-24 12:18:05,389 [WARNING] Rate limit em Magic (tentativa 2/5). Aguardando 90s...
2026-04-24 12:19:36,135 [INFO]     50 registros salvos
2026-04-24 12:19:46,136 [INFO]   Coletando: Distance...
2026-04-24 12:19:46,984 [INFO]     50 registros salvos
2026-04-24 12:19:56,985 [INFO]   Coletando: Taming...
2026-04-24 12:19:58,422 [INFO]     50 registros salvos
2026-04-24 12:19:58,428 [INFO] JSON exportado: C:\Users\FelipeSoares\OneDrive - Grupo Dreamers\Documentos\Monitoramento de Ranking\ranking_latest.json
2026-04-24 12:19:58,436 [INFO] === Coleta finalizada: 300 registros | Status: sucesso ===
